[    1764ms] [WARNING] [GSI_LOGGER]: Your client application uses one of the Google One Tap prompt UI status methods that may stop functioning when FedCM becomes mandatory. Refer to the migration guide to update your code accordingly and opt-in to FedCM to test your changes. Learn more: https://developers.google.com/identity/gsi/web/guides/fedcm-migration?s=dc#display_moment and https://developers.google.com/identity/gsi/web/guides/fedcm-migration?s=dc#skipped_moment @ https://accounts.google.com/gsi/client:86
[    1767ms] [ERROR] Not signed in with the identity provider. @ https://www.whatnot.com/:0
[    1898ms] [ERROR] Failed to load resource: the server responded with a status of 429 () @ https://www.whatnot.com/149e9513-01fa-4fb0-aad4-566afd725d1b/2d206a39-8ed7-437e-a3be-862e0f06eea3/fp?x-kpsdk-v=j-1.2.522:0
[    2736ms] [LOG] Error @ :2
[    2757ms] [LOG] Error @ :2
[    2758ms] [LOG] Error @ :2
[    2848ms] [ERROR] Failed to load resource: net::ERR_NAME_NOT_RESOLVED @ https://pixel.pointmediatracker.com/kpi?c=whatnot&kpi=visit&fpc=93a973a2-62e2-495c-bec87df565e5162b&utm_source=undefined&utm_medium=undefined&utm_campaign=undefined&hems=undefined&gtmcb=710243922:0
[    2851ms] [WARNING] Unable to create a text session because the service is not running. @ https://www.whatnot.com/149e9513-01fa-4fb0-aad4-566afd725d1b/2d206a39-8ed7-437e-a3be-862e0f06eea3/fp?x-kpsdk-v=j-1.2.522:0
[    2860ms] [WARNING] Unable to create a text session because the service is not running. @ https://www.whatnot.com/149e9513-01fa-4fb0-aad4-566afd725d1b/2d206a39-8ed7-437e-a3be-862e0f06eea3/fp?x-kpsdk-v=j-1.2.522:0
[    2906ms] [WARNING] Unable to create a text session because the service is not running. @ https://www.whatnot.com/149e9513-01fa-4fb0-aad4-566afd725d1b/2d206a39-8ed7-437e-a3be-862e0f06eea3/fp?x-kpsdk-v=j-1.2.522:0
[    2907ms] [WARNING] Unable to create a text session because the service is not running. @ https://www.whatnot.com/149e9513-01fa-4fb0-aad4-566afd725d1b/2d206a39-8ed7-437e-a3be-862e0f06eea3/fp?x-kpsdk-v=j-1.2.522:0
[    2908ms] [WARNING] The requested language options are not supported. @ https://www.whatnot.com/149e9513-01fa-4fb0-aad4-566afd725d1b/2d206a39-8ed7-437e-a3be-862e0f06eea3/fp?x-kpsdk-v=j-1.2.522:0
[    2908ms] [ERROR] Unsupported Summarizer API languages were specified, and the request was aborted. API calls must only specify supported languages to ensure successful processing and guarantee output characteristics. Please only specify supported language codes: [de, en, es, fr, ja] @ https://www.whatnot.com/149e9513-01fa-4fb0-aad4-566afd725d1b/2d206a39-8ed7-437e-a3be-862e0f06eea3/fp?x-kpsdk-v=j-1.2.522:0
[    2908ms] [WARNING] The requested language options are not supported. @ https://www.whatnot.com/149e9513-01fa-4fb0-aad4-566afd725d1b/2d206a39-8ed7-437e-a3be-862e0f06eea3/fp?x-kpsdk-v=j-1.2.522:0
[    2909ms] [WARNING] The requested language options are not supported. @ https://www.whatnot.com/149e9513-01fa-4fb0-aad4-566afd725d1b/2d206a39-8ed7-437e-a3be-862e0f06eea3/fp?x-kpsdk-v=j-1.2.522:0
[    2909ms] [WARNING] The requested language options are not supported. @ https://www.whatnot.com/149e9513-01fa-4fb0-aad4-566afd725d1b/2d206a39-8ed7-437e-a3be-862e0f06eea3/fp?x-kpsdk-v=j-1.2.522:0
[    2910ms] [WARNING] Unable to create a text session because the service is not running. @ https://www.whatnot.com/149e9513-01fa-4fb0-aad4-566afd725d1b/2d206a39-8ed7-437e-a3be-862e0f06eea3/fp?x-kpsdk-v=j-1.2.522:0
[    2913ms] [WARNING] The requested language options are not supported. @ https://www.whatnot.com/149e9513-01fa-4fb0-aad4-566afd725d1b/2d206a39-8ed7-437e-a3be-862e0f06eea3/fp?x-kpsdk-v=j-1.2.522:0
[    2913ms] [WARNING] The requested language options are not supported. @ https://www.whatnot.com/149e9513-01fa-4fb0-aad4-566afd725d1b/2d206a39-8ed7-437e-a3be-862e0f06eea3/fp?x-kpsdk-v=j-1.2.522:0
[    3283ms] [LOG] Error @ :2
[    4179ms] [ERROR] Failed to load resource: net::ERR_CONNECTION_REFUSED @ https://www.googleadservices.com/pagead/conversion/gtm.js/?random=1783505567281&cv=11&fst=1783505567281&fmt=7&bg=ffffff&guid=ON&async=1&en=conversion&gtm=45be6770h2z8860716628za20gzb860716628zd860716628xea&gcd=13l3l3l3l1l1&dma=0&tag_exp=115938466~115938469~119027224~119576881~119576885~119576891~119576895~119787196&u_w=1536&u_h=864&url=https%3A%2F%2Fwww.whatnot.com%2F&rcb=14&label=https%3A%2F%2Fwww.whatnot.com%2F&capi=1&frm=0&tiba=Whatnot%3A%20Shop%2C%20Sell%2C%20Connect&bttype=purchase&oid=%2F&value=https%3A%2F%2Fwww.whatnot.com%2Fgtm.js&hn=www.googleadservices.com&npa=0&pscdl=noapi&auid=850440068.1783505354&uaa=x86&uab=64&uafvl=Google%2520Chrome%3B149.0.7827.115%7CChromium%3B149.0.7827.115%7CNot)A%253BBrand%3B24.0.0.0&uamb=0&uam=&uap=Windows&uapv=15.0.0&uaw=0&_tu=CA&gcl_ctr=5~0~0~0&category=acrcp_v1_512&ept=5:0
[    4858ms] [ERROR] [GSI_LOGGER]: FedCM get() rejects with NetworkError: Error retrieving a token. @ https://vice-prod.sdiapi.com/vice_loader/whatnot/whatnot:2
[    4904ms] [ERROR] Failed to load resource: net::ERR_CONNECTION_REFUSED @ https://analytics.tiktok.com/i18n/pixel/events.js?sdkid=CQ8NDTBC77U1R0P6570G&lib=ttq:0
[    4973ms] [ERROR] Failed to load resource: net::ERR_CONNECTION_REFUSED @ https://analytics.tiktok.com/i18n/pixel/events.js?sdkid=D7OFQ7RC77U471PH179G&lib=ttq:0
[    5054ms] [ERROR] Failed to load resource: net::ERR_CONNECTION_REFUSED @ https://googleads.g.doubleclick.net/pagead/viewthroughconversion/16615111791/?random=1783505567185&cv=11&fst=1783505567185&bg=ffffff&guid=ON&async=1&en=gtag.config&gtm=45be6770h2v9191381787z8860716628za20gzb860716628zd860716628xec&gcd=13l3l3l3l1l1&dma=0&tag_exp=115938466~115938469~118826209~119027224~119576881~119576885~119576891~119576895~119787196&u_w=1536&u_h=864&url=https%3A%2F%2Fwww.whatnot.com%2F&rcb=4&frm=0&tiba=Whatnot%3A%20Shop%2C%20Sell%2C%20Connect&hn=www.googleadservices.com&npa=0&pscdl=noapi&auid=850440068.1783505354&uaa=x86&uab=64&uafvl=Google%2520Chrome%3B149.0.7827.115%7CChromium%3B149.0.7827.115%7CNot)A%253BBrand%3B24.0.0.0&uamb=0&uam=&uap=Windows&uapv=15.0.0&uaw=0&data=event%3Dgtag.config&ept=9&rfmt=3&fmt=4:0
[    5297ms] [ERROR] Failed to load resource: net::ERR_CONNECTION_REFUSED @ https://googleads.g.doubleclick.net/pagead/viewthroughconversion/705335139/?random=1783505567202&cv=11&fst=1783505567202&bg=ffffff&guid=ON&async=1&en=gtag.config&gtm=45be6770h2v9191381787z8860716628za20gzb860716628zd860716628xec&gcd=13l3l3l3l1l1&dma=0&tag_exp=115938466~115938469~118826209~119027224~119576881~119576885~119576891~119576895~119787196&u_w=1536&u_h=864&url=https%3A%2F%2Fwww.whatnot.com%2F&rcb=4&frm=0&tiba=Whatnot%3A%20Shop%2C%20Sell%2C%20Connect&hn=www.googleadservices.com&npa=0&pscdl=noapi&auid=850440068.1783505354&uaa=x86&uab=64&uafvl=Google%2520Chrome%3B149.0.7827.115%7CChromium%3B149.0.7827.115%7CNot)A%253BBrand%3B24.0.0.0&uamb=0&uam=&uap=Windows&uapv=15.0.0&uaw=0&data=event%3Dgtag.config&ept=9&rfmt=3&fmt=4:0
[    6954ms] [ERROR] Failed to load resource: net::ERR_CONNECTION_REFUSED @ https://googleads.g.doubleclick.net/pagead/viewthroughconversion/16647251577/?random=1783505567236&cv=11&fst=1783505567236&bg=ffffff&guid=ON&async=1&en=gtag.config&gtm=45be6770h2v9191381787z8860716628za20gzb860716628zd860716628xec&gcd=13l3l3l3l1l1&dma=0&tag_exp=115938466~115938469~118826209~119027224~119576881~119576885~119576891~119576895~119787196&u_w=1536&u_h=864&url=https%3A%2F%2Fwww.whatnot.com%2F&rcb=4&frm=0&tiba=Whatnot%3A%20Shop%2C%20Sell%2C%20Connect&hn=www.googleadservices.com&npa=0&pscdl=noapi&auid=850440068.1783505354&uaa=x86&uab=64&uafvl=Google%2520Chrome%3B149.0.7827.115%7CChromium%3B149.0.7827.115%7CNot)A%253BBrand%3B24.0.0.0&uamb=0&uam=&uap=Windows&uapv=15.0.0&uaw=0&data=event%3Dgtag.config&ept=9&rfmt=3&fmt=4:0
[    6956ms] [ERROR] Failed to load resource: net::ERR_CONNECTION_REFUSED @ https://googleads.g.doubleclick.net/pagead/viewthroughconversion/16615111791/?random=1783505567185&cv=11&fst=1783505567185&fmt=3&bg=ffffff&guid=ON&async=1&en=gtag.config&gtm=45be6770h2v9191381787z8860716628za20gzb860716628zd860716628xec&gcd=13n3n3n3n5l1&dma=0&tag_exp=115938466~115938469~118826209~119027224~119576881~119576885~119576891~119576895~119787196&u_w=1536&u_h=864&url=https%3A%2F%2Fwww.whatnot.com%2F&rcb=4&frm=0&tiba=Whatnot%3A%20Shop%2C%20Sell%2C%20Connect&hn=www.googleadservices.com&npa=0&pscdl=noapi&auid=850440068.1783505354&uaa=x86&uab=64&uafvl=Google%2520Chrome%3B149.0.7827.115%7CChromium%3B149.0.7827.115%7CNot)A%253BBrand%3B24.0.0.0&uamb=0&uam=&uap=Windows&uapv=15.0.0&uaw=0&data=event%3Dgtag.config&ept=9:0
[    7521ms] [ERROR] Failed to load resource: net::ERR_CONNECTION_REFUSED @ https://googleads.g.doubleclick.net/pagead/viewthroughconversion/705335139/?random=1783505567202&cv=11&fst=1783505567202&fmt=3&bg=ffffff&guid=ON&async=1&en=gtag.config&gtm=45be6770h2v9191381787z8860716628za20gzb860716628zd860716628xec&gcd=13n3n3n3n5l1&dma=0&tag_exp=115938466~115938469~118826209~119027224~119576881~119576885~119576891~119576895~119787196&u_w=1536&u_h=864&url=https%3A%2F%2Fwww.whatnot.com%2F&rcb=4&frm=0&tiba=Whatnot%3A%20Shop%2C%20Sell%2C%20Connect&hn=www.googleadservices.com&npa=0&pscdl=noapi&auid=850440068.1783505354&uaa=x86&uab=64&uafvl=Google%2520Chrome%3B149.0.7827.115%7CChromium%3B149.0.7827.115%7CNot)A%253BBrand%3B24.0.0.0&uamb=0&uam=&uap=Windows&uapv=15.0.0&uaw=0&data=event%3Dgtag.config&ept=9:0
[    7552ms] [ERROR] Failed to load resource: net::ERR_CONNECTION_REFUSED @ https://googleads.g.doubleclick.net/pagead/viewthroughconversion/16647251577/?random=1783505567236&cv=11&fst=1783505567236&fmt=3&bg=ffffff&guid=ON&async=1&en=gtag.config&gtm=45be6770h2v9191381787z8860716628za20gzb860716628zd860716628xec&gcd=13n3n3n3n5l1&dma=0&tag_exp=115938466~115938469~118826209~119027224~119576881~119576885~119576891~119576895~119787196&u_w=1536&u_h=864&url=https%3A%2F%2Fwww.whatnot.com%2F&rcb=4&frm=0&tiba=Whatnot%3A%20Shop%2C%20Sell%2C%20Connect&hn=www.googleadservices.com&npa=0&pscdl=noapi&auid=850440068.1783505354&uaa=x86&uab=64&uafvl=Google%2520Chrome%3B149.0.7827.115%7CChromium%3B149.0.7827.115%7CNot)A%253BBrand%3B24.0.0.0&uamb=0&uam=&uap=Windows&uapv=15.0.0&uaw=0&data=event%3Dgtag.config&ept=9:0
[    9211ms] [ERROR] Failed to load resource: net::ERR_CONNECTION_REFUSED @ https://googleads.g.doubleclick.net/pagead/viewthroughconversion/705335139/?random=1783505572974&cv=11&fst=1783505572974&bg=ffffff&guid=ON&async=1&gtm=45be6770h2v9191381787z8860716628za20gzb860716628zd860716628xea&gcd=13n3n3n3n5l1&dma=0&tag_exp=115938466~115938469~118826209~119027224~119576881~119576885~119576891~119576895~119787196&u_w=1536&u_h=864&url=https%3A%2F%2Fwww.whatnot.com%2F&rcb=4&frm=0&tiba=Whatnot%3A%20Shop%2C%20Sell%2C%20Connect&did=dY2Q2ZW&gdid=dY2Q2ZW&hn=www.googleadservices.com&npa=0&pscdl=noapi&auid=850440068.1783505354&uaa=x86&uab=64&uafvl=Google%2520Chrome%3B149.0.7827.115%7CChromium%3B149.0.7827.115%7CNot)A%253BBrand%3B24.0.0.0&uamb=0&uam=&uap=Windows&uapv=15.0.0&uaw=0&_tu=CA&ept=9&rfmt=3&fmt=4:0
[    9990ms] [ERROR] Failed to load resource: net::ERR_CONNECTION_REFUSED @ https://www.googleadservices.com/pagead/conversion/705335139/?random=1783505572924&cv=11&fst=1783505572924&fmt=7&bg=ffffff&guid=ON&async=1&en=conversion&gtm=45be6770h2v9191381787z8860716628za20gzb860716628zd860716628xea&gcs=G111&gcd=13n3n3n3n5l1&dma=0&tag_exp=115938466~115938469~118826209~119027224~119576881~119576885~119576891~119576895~119787196&u_w=1536&u_h=864&url=https%3A%2F%2Fwww.whatnot.com%2F&rcb=4&label=UBHICJbk6LkDEOOeqtAC&capi=1&frm=0&tiba=Whatnot%3A%20Shop%2C%20Sell%2C%20Connect&did=dY2Q2ZW&gdid=dY2Q2ZW&bttype=purchase&value=0&hn=www.googleadservices.com&npa=0&pscdl=noapi&auid=850440068.1783505354&uaa=x86&uab=64&uafvl=Google%2520Chrome%3B149.0.7827.115%7CChromium%3B149.0.7827.115%7CNot)A%253BBrand%3B24.0.0.0&uamb=0&uam=&uap=Windows&uapv=15.0.0&uaw=0&ec_mode=a&_tu=CA&gcl_ctr=6~0~0~0&category=acrcp_v1_512&em=tv.1&emd=tvd.1&ept=5:0
[   10109ms] [ERROR] Failed to load resource: net::ERR_CONNECTION_REFUSED @ https://googleads.g.doubleclick.net/pagead/viewthroughconversion/705335139/?random=1783505572974&cv=11&fst=1783505572974&fmt=3&bg=ffffff&guid=ON&async=1&gtm=45be6770h2v9191381787z8860716628za20gzb860716628zd860716628xea&gcd=13n3n3n3n5l1&dma=0&tag_exp=115938466~115938469~118826209~119027224~119576881~119576885~119576891~119576895~119787196&u_w=1536&u_h=864&url=https%3A%2F%2Fwww.whatnot.com%2F&rcb=4&frm=0&tiba=Whatnot%3A%20Shop%2C%20Sell%2C%20Connect&did=dY2Q2ZW&gdid=dY2Q2ZW&hn=www.googleadservices.com&npa=0&pscdl=noapi&auid=850440068.1783505354&uaa=x86&uab=64&uafvl=Google%2520Chrome%3B149.0.7827.115%7CChromium%3B149.0.7827.115%7CNot)A%253BBrand%3B24.0.0.0&uamb=0&uam=&uap=Windows&uapv=15.0.0&uaw=0&_tu=CA&ept=9:0
[   11553ms] [LOG] Download the Apollo DevTools for a better development experience: %s https://chrome.google.com/webstore/detail/apollo-client-developer-t/jdkknkkbebbapilgoeccciglkfbmbnfm @ https://www.whatnot.com/cdn/assets/4933b37182d4a6db/_next/static/chunks/44275-330badde836080db.js:0
[   43714ms] [ERROR] Failed to load resource: the server responded with a status of 400 () @ https://www.whatnot.com/services/graphql/:0
[   63325ms] [ERROR] Failed to load resource: the server responded with a status of 400 () @ https://www.whatnot.com/services/graphql/:0
[   63595ms] [ERROR] Failed to load resource: the server responded with a status of 403 () @ https://www.whatnot.com/services/graphql/:0
[   63957ms] [ERROR] Failed to load resource: the server responded with a status of 400 () @ https://www.whatnot.com/services/graphql/:0
[   64304ms] [ERROR] Failed to load resource: the server responded with a status of 400 () @ https://www.whatnot.com/services/graphql/:0
[  241053ms] [ERROR] Failed to load resource: the server responded with a status of 500 () @ https://www.whatnot.com/services/graphql/:0
[ 1261850ms] [ERROR] Failed to load resource: the server responded with a status of 403 () @ https://www.whatnot.com/api/v1/realtime/settings:0
[ 1292066ms] [ERROR] Failed to load resource: the server responded with a status of 403 () @ https://www.whatnot.com/reroute/datadog/api/v2/logs?ddsource=browser&dd-api-key=pub7a8b2c96a28b9d6bd00a67d39ce24b4c&dd-evp-origin-version=6.23.0&dd-evp-origin=browser&dd-request-id=d243379f-97d3-49c6-8a42-a58c266e8216:0
[ 1321684ms] [ERROR] Failed to load resource: the server responded with a status of 403 () @ https://www.whatnot.com/api/v1/realtime/settings:0
[ 1351763ms] [ERROR] Failed to load resource: the server responded with a status of 403 () @ https://www.whatnot.com/reroute/datadog/api/v2/logs?ddsource=browser&dd-api-key=pub7a8b2c96a28b9d6bd00a67d39ce24b4c&dd-evp-origin-version=6.23.0&dd-evp-origin=browser&dd-request-id=68bd791c-4107-4b56-a462-cf774f40c774:0
[ 1381686ms] [ERROR] Failed to load resource: the server responded with a status of 403 () @ https://www.whatnot.com/api/v1/realtime/settings:0
[ 1411781ms] [ERROR] Failed to load resource: the server responded with a status of 403 () @ https://www.whatnot.com/reroute/datadog/api/v2/logs?ddsource=browser&dd-api-key=pub7a8b2c96a28b9d6bd00a67d39ce24b4c&dd-evp-origin-version=6.23.0&dd-evp-origin=browser&dd-request-id=12320238-6830-4661-bc1e-c52874ed52df:0
[ 1441690ms] [ERROR] Failed to load resource: the server responded with a status of 403 () @ https://www.whatnot.com/api/v1/realtime/settings:0
[ 1471774ms] [ERROR] Failed to load resource: the server responded with a status of 403 () @ https://www.whatnot.com/reroute/datadog/api/v2/logs?ddsource=browser&dd-api-key=pub7a8b2c96a28b9d6bd00a67d39ce24b4c&dd-evp-origin-version=6.23.0&dd-evp-origin=browser&dd-request-id=5b284c74-92bc-41c5-a64d-3d6bb4c0a2f2:0
[ 1501724ms] [ERROR] Failed to load resource: the server responded with a status of 403 () @ https://www.whatnot.com/api/v1/realtime/settings:0
[ 1531811ms] [ERROR] Failed to load resource: the server responded with a status of 403 () @ https://www.whatnot.com/reroute/datadog/api/v2/logs?ddsource=browser&dd-api-key=pub7a8b2c96a28b9d6bd00a67d39ce24b4c&dd-evp-origin-version=6.23.0&dd-evp-origin=browser&dd-request-id=cdb80133-f12d-47e7-aa64-f323bb4d464b:0
[ 1561723ms] [ERROR] Failed to load resource: the server responded with a status of 403 () @ https://www.whatnot.com/api/v1/realtime/settings:0
[ 1591815ms] [ERROR] Failed to load resource: the server responded with a status of 403 () @ https://www.whatnot.com/reroute/datadog/api/v2/logs?ddsource=browser&dd-api-key=pub7a8b2c96a28b9d6bd00a67d39ce24b4c&dd-evp-origin-version=6.23.0&dd-evp-origin=browser&dd-request-id=053a4daa-c37c-4b9e-b2da-9a4ba0dd1567:0
[ 1621683ms] [ERROR] Failed to load resource: the server responded with a status of 403 () @ https://www.whatnot.com/api/v1/realtime/settings:0
[ 1651808ms] [ERROR] Failed to load resource: the server responded with a status of 403 () @ https://www.whatnot.com/reroute/datadog/api/v2/logs?ddsource=browser&dd-api-key=pub7a8b2c96a28b9d6bd00a67d39ce24b4c&dd-evp-origin-version=6.23.0&dd-evp-origin=browser&dd-request-id=61cbd862-aa5a-4b37-a0a2-d53b8688aa79:0
[ 1681684ms] [ERROR] Failed to load resource: the server responded with a status of 403 () @ https://www.whatnot.com/api/v1/realtime/settings:0
[ 1711799ms] [ERROR] Failed to load resource: the server responded with a status of 403 () @ https://www.whatnot.com/reroute/datadog/api/v2/logs?ddsource=browser&dd-api-key=pub7a8b2c96a28b9d6bd00a67d39ce24b4c&dd-evp-origin-version=6.23.0&dd-evp-origin=browser&dd-request-id=3218668f-e2a9-4442-a242-14ce96b6e264:0
[ 1741685ms] [ERROR] Failed to load resource: the server responded with a status of 403 () @ https://www.whatnot.com/api/v1/realtime/settings:0
[ 1771816ms] [ERROR] Failed to load resource: the server responded with a status of 403 () @ https://www.whatnot.com/reroute/datadog/api/v2/logs?ddsource=browser&dd-api-key=pub7a8b2c96a28b9d6bd00a67d39ce24b4c&dd-evp-origin-version=6.23.0&dd-evp-origin=browser&dd-request-id=f58e41ca-41d4-493f-8ebb-6c87cdbb6a17:0
[ 1801723ms] [ERROR] Failed to load resource: the server responded with a status of 403 () @ https://www.whatnot.com/api/v1/realtime/settings:0
[ 1831890ms] [ERROR] Failed to load resource: the server responded with a status of 403 () @ https://www.whatnot.com/reroute/datadog/api/v2/logs?ddsource=browser&dd-api-key=pub7a8b2c96a28b9d6bd00a67d39ce24b4c&dd-evp-origin-version=6.23.0&dd-evp-origin=browser&dd-request-id=2bba6962-7d2a-4b33-82cb-e01bf91aa3db:0
[ 1861765ms] [ERROR] Failed to load resource: the server responded with a status of 403 () @ https://www.whatnot.com/api/v1/realtime/settings:0
[ 1891838ms] [ERROR] Failed to load resource: the server responded with a status of 403 () @ https://www.whatnot.com/reroute/datadog/api/v2/logs?ddsource=browser&dd-api-key=pub7a8b2c96a28b9d6bd00a67d39ce24b4c&dd-evp-origin-version=6.23.0&dd-evp-origin=browser&dd-request-id=9a082e24-3fe9-4b09-93f0-d8df92cdbcdd:0
[ 1921725ms] [ERROR] Failed to load resource: the server responded with a status of 403 () @ https://www.whatnot.com/api/v1/realtime/settings:0
[ 1951902ms] [ERROR] Failed to load resource: the server responded with a status of 403 () @ https://www.whatnot.com/reroute/datadog/api/v2/logs?ddsource=browser&dd-api-key=pub7a8b2c96a28b9d6bd00a67d39ce24b4c&dd-evp-origin-version=6.23.0&dd-evp-origin=browser&dd-request-id=e7148c0b-a28b-423c-ae10-4db89f212ced:0
[ 1981729ms] [ERROR] Failed to load resource: the server responded with a status of 403 () @ https://www.whatnot.com/api/v1/realtime/settings:0
[ 2011844ms] [ERROR] Failed to load resource: the server responded with a status of 403 () @ https://www.whatnot.com/reroute/datadog/api/v2/logs?ddsource=browser&dd-api-key=pub7a8b2c96a28b9d6bd00a67d39ce24b4c&dd-evp-origin-version=6.23.0&dd-evp-origin=browser&dd-request-id=4ce35d4c-7a35-4560-86c4-b38c01005a9f:0
[ 2041714ms] [ERROR] Failed to load resource: the server responded with a status of 403 () @ https://www.whatnot.com/api/v1/realtime/settings:0
[ 2071805ms] [ERROR] Failed to load resource: the server responded with a status of 403 () @ https://www.whatnot.com/reroute/datadog/api/v2/logs?ddsource=browser&dd-api-key=pub7a8b2c96a28b9d6bd00a67d39ce24b4c&dd-evp-origin-version=6.23.0&dd-evp-origin=browser&dd-request-id=e726bb88-cc14-41f3-b339-d1c51b23ac84:0
[ 2101744ms] [ERROR] Failed to load resource: the server responded with a status of 403 () @ https://www.whatnot.com/api/v1/realtime/settings:0
